<?xml version="1.0" encoding="UTF-8"?>
<robot generator="Robot 5.0.1 (Python 3.10.7 on win32)" generated="20221005 11:27:47.459" rpa="false" schemaversion="3">
<suite id="s1" name="Tests" source="C:\Users\liesb\Testing\robot_tests-solutions_ex4_signin\robot_tests-solutions_ex4_signin\Exercise2\tests">
<suite id="s1-s1" name="01 openPageInBrowser" source="C:\Users\liesb\Testing\robot_tests-solutions_ex4_signin\robot_tests-solutions_ex4_signin\Exercise2\tests\01_openPageInBrowser.robot">
<test id="s1-s1-t1" name="The First Selenium Test" line="8">
<kw name="Open Browser" library="SeleniumLibrary">
<arg>http://www.brightest.be</arg>
<arg>Google Chrome</arg>
<doc>Opens a new browser instance to the optional ``url``.</doc>
<msg timestamp="20221005 11:27:47.748" level="INFO">Opening browser 'Google Chrome' to base url 'http://www.brightest.be'.</msg>
<status status="PASS" starttime="20221005 11:27:47.748" endtime="20221005 11:27:55.046"/>
</kw>
<kw name="Sleep" library="BuiltIn">
<arg>5s</arg>
<doc>Pauses the test executed for the given time.</doc>
<msg timestamp="20221005 11:28:00.059" level="INFO">Slept 5 seconds</msg>
<status status="PASS" starttime="20221005 11:27:55.051" endtime="20221005 11:28:00.059"/>
</kw>
<kw name="Close Browser" library="SeleniumLibrary">
<doc>Closes the current browser.</doc>
<status status="PASS" starttime="20221005 11:28:00.059" endtime="20221005 11:28:02.560"/>
</kw>
<status status="PASS" starttime="20221005 11:27:47.748" endtime="20221005 11:28:02.560"/>
</test>
<test id="s1-s1-t2" name="The Selenium Test With Keywords" line="13">
<kw name="Open My Website" library="basePage">
<kw name="Open Browser" library="SeleniumLibrary">
<arg>${url}</arg>
<arg>${browser}</arg>
<doc>Opens a new browser instance to the optional ``url``.</doc>
<msg timestamp="20221005 11:28:02.568" level="INFO">Opening browser 'Google Chrome' to base url 'https://tweakers.net'.</msg>
<status status="PASS" starttime="20221005 11:28:02.568" endtime="20221005 11:28:07.154"/>
</kw>
<status status="PASS" starttime="20221005 11:28:02.560" endtime="20221005 11:28:07.154"/>
</kw>
<kw name="Sleep" library="BuiltIn">
<arg>5s</arg>
<doc>Pauses the test executed for the given time.</doc>
<msg timestamp="20221005 11:28:12.167" level="INFO">Slept 5 seconds</msg>
<status status="PASS" starttime="20221005 11:28:07.154" endtime="20221005 11:28:12.167"/>
</kw>
<kw name="Close Browser" library="SeleniumLibrary">
<doc>Closes the current browser.</doc>
<status status="PASS" starttime="20221005 11:28:12.167" endtime="20221005 11:28:14.601"/>
</kw>
<status status="PASS" starttime="20221005 11:28:02.560" endtime="20221005 11:28:14.601"/>
</test>
<status status="PASS" starttime="20221005 11:27:47.475" endtime="20221005 11:28:14.601"/>
</suite>
<suite id="s1-s2" name="02 useSuiteSetupAndTeardown" source="C:\Users\liesb\Testing\robot_tests-solutions_ex4_signin\robot_tests-solutions_ex4_signin\Exercise2\tests\02_useSuiteSetupAndTeardown.robot">
<kw name="Open My Website" library="basePage" type="SETUP">
<kw name="Open Browser" library="SeleniumLibrary">
<arg>${url}</arg>
<arg>${browser}</arg>
<doc>Opens a new browser instance to the optional ``url``.</doc>
<msg timestamp="20221005 11:28:14.617" level="INFO">Opening browser 'Google Chrome' to base url 'https://tweakers.net'.</msg>
<status status="PASS" starttime="20221005 11:28:14.617" endtime="20221005 11:28:17.709"/>
</kw>
<status status="PASS" starttime="20221005 11:28:14.617" endtime="20221005 11:28:17.709"/>
</kw>
<test id="s1-s2-t1" name="The Third Selenium Test" line="11">
<kw name="Sleep" library="BuiltIn">
<arg>5s</arg>
<doc>Pauses the test executed for the given time.</doc>
<msg timestamp="20221005 11:28:22.730" level="INFO">Slept 5 seconds</msg>
<status status="PASS" starttime="20221005 11:28:17.717" endtime="20221005 11:28:22.730"/>
</kw>
<status status="PASS" starttime="20221005 11:28:17.709" endtime="20221005 11:28:22.730"/>
</test>
<kw name="Close Browser" library="SeleniumLibrary" type="TEARDOWN">
<doc>Closes the current browser.</doc>
<status status="PASS" starttime="20221005 11:28:22.730" endtime="20221005 11:28:25.260"/>
</kw>
<status status="PASS" starttime="20221005 11:28:14.609" endtime="20221005 11:28:25.260"/>
</suite>
<suite id="s1-s3" name="03 locateAndInteract" source="C:\Users\liesb\Testing\robot_tests-solutions_ex4_signin\robot_tests-solutions_ex4_signin\Exercise2\tests\03_locateAndInteract.robot">
<kw name="Open My Website" library="basePage" type="SETUP">
<kw name="Open Browser" library="SeleniumLibrary">
<arg>${url}</arg>
<arg>${browser}</arg>
<doc>Opens a new browser instance to the optional ``url``.</doc>
<msg timestamp="20221005 11:28:25.276" level="INFO">Opening browser 'Google Chrome' to base url 'https://tweakers.net'.</msg>
<status status="PASS" starttime="20221005 11:28:25.276" endtime="20221005 11:28:29.197"/>
</kw>
<status status="PASS" starttime="20221005 11:28:25.276" endtime="20221005 11:28:29.197"/>
</kw>
<test id="s1-s3-t1" name="Selenium Test Locate And Interact" line="11">
<kw name="Click Element" library="SeleniumLibrary">
<arg>xpath://*[@id="koekieBar"]/div[1]/div[2]/button[1]</arg>
<doc>Click the element identified by ``locator``.</doc>
<msg timestamp="20221005 11:28:29.197" level="INFO">Clicking element 'xpath://*[@id="koekieBar"]/div[1]/div[2]/button[1]'.</msg>
<status status="PASS" starttime="20221005 11:28:29.197" endtime="20221005 11:28:29.245"/>
</kw>
<kw name="Sleep" library="BuiltIn">
<arg>5s</arg>
<doc>Pauses the test executed for the given time.</doc>
<msg timestamp="20221005 11:28:34.264" level="INFO">Slept 5 seconds</msg>
<status status="PASS" starttime="20221005 11:28:29.253" endtime="20221005 11:28:34.264"/>
</kw>
<status status="PASS" starttime="20221005 11:28:29.197" endtime="20221005 11:28:34.264"/>
</test>
<test id="s1-s3-t2" name="Selenium Test Locate And Interact True" line="15">
<kw name="Click Element" library="SeleniumLibrary">
<arg>css:#true</arg>
<doc>Click the element identified by ``locator``.</doc>
<msg timestamp="20221005 11:28:34.264" level="INFO">Clicking element 'css:#true'.</msg>
<status status="PASS" starttime="20221005 11:28:34.264" endtime="20221005 11:28:34.393"/>
</kw>
<kw name="Sleep" library="BuiltIn">
<arg>5s</arg>
<doc>Pauses the test executed for the given time.</doc>
<msg timestamp="20221005 11:28:39.406" level="INFO">Slept 5 seconds</msg>
<status status="PASS" starttime="20221005 11:28:34.393" endtime="20221005 11:28:39.406"/>
</kw>
<status status="PASS" starttime="20221005 11:28:34.264" endtime="20221005 11:28:39.406"/>
</test>
<kw name="Close Browser" library="SeleniumLibrary" type="TEARDOWN">
<doc>Closes the current browser.</doc>
<status status="PASS" starttime="20221005 11:28:39.406" endtime="20221005 11:28:41.983"/>
</kw>
<status status="PASS" starttime="20221005 11:28:25.260" endtime="20221005 11:28:41.983"/>
</suite>
<suite id="s1-s4" name="04 locateAndInteractAndVerify" source="C:\Users\liesb\Testing\robot_tests-solutions_ex4_signin\robot_tests-solutions_ex4_signin\Exercise2\tests\04_locateAndInteractAndVerify.robot">
<kw name="Open My Website" library="basePage" type="SETUP">
<kw name="Open Browser" library="SeleniumLibrary">
<arg>${url}</arg>
<arg>${browser}</arg>
<doc>Opens a new browser instance to the optional ``url``.</doc>
<msg timestamp="20221005 11:28:41.999" level="INFO">Opening browser 'Google Chrome' to base url 'https://tweakers.net'.</msg>
<status status="PASS" starttime="20221005 11:28:41.999" endtime="20221005 11:28:46.178"/>
</kw>
<status status="PASS" starttime="20221005 11:28:41.999" endtime="20221005 11:28:46.178"/>
</kw>
<test id="s1-s4-t1" name="Selenium Test Locate And Interact And Verify" line="11">
<kw name="Click Element" library="SeleniumLibrary">
<arg>xpath://*[@id="koekieBar"]/div[1]/div[2]/button[1]</arg>
<doc>Click the element identified by ``locator``.</doc>
<msg timestamp="20221005 11:28:46.186" level="INFO">Clicking element 'xpath://*[@id="koekieBar"]/div[1]/div[2]/button[1]'.</msg>
<status status="PASS" starttime="20221005 11:28:46.186" endtime="20221005 11:28:46.226"/>
</kw>
<kw name="Get Text" library="SeleniumLibrary">
<var>${text}</var>
<arg>xpath://a[@class='smartphones']</arg>
<doc>Returns the text value of the element identified by ``locator``.</doc>
<msg timestamp="20221005 11:28:46.267" level="INFO">${text} = Beste smartphones »</msg>
<status status="PASS" starttime="20221005 11:28:46.234" endtime="20221005 11:28:46.267"/>
</kw>
<kw name="Should Contain" library="BuiltIn">
<arg>${text}</arg>
<arg>Beste</arg>
<doc>Fails if ``container`` does not contain ``item`` one or more times.</doc>
<status status="PASS" starttime="20221005 11:28:46.267" endtime="20221005 11:28:46.267"/>
</kw>
<status status="PASS" starttime="20221005 11:28:46.178" endtime="20221005 11:28:46.275"/>
</test>
<kw name="Close Browser" library="SeleniumLibrary" type="TEARDOWN">
<doc>Closes the current browser.</doc>
<status status="PASS" starttime="20221005 11:28:46.277" endtime="20221005 11:28:48.651"/>
</kw>
<status status="PASS" starttime="20221005 11:28:41.987" endtime="20221005 11:28:48.651"/>
</suite>
<status status="PASS" starttime="20221005 11:27:47.459" endtime="20221005 11:28:48.651"/>
</suite>
<statistics>
<total>
<stat pass="6" fail="0" skip="0">All Tests</stat>
</total>
<tag>
</tag>
<suite>
<stat pass="6" fail="0" skip="0" id="s1" name="Tests">Tests</stat>
<stat pass="2" fail="0" skip="0" id="s1-s1" name="01 openPageInBrowser">Tests.01 openPageInBrowser</stat>
<stat pass="1" fail="0" skip="0" id="s1-s2" name="02 useSuiteSetupAndTeardown">Tests.02 useSuiteSetupAndTeardown</stat>
<stat pass="2" fail="0" skip="0" id="s1-s3" name="03 locateAndInteract">Tests.03 locateAndInteract</stat>
<stat pass="1" fail="0" skip="0" id="s1-s4" name="04 locateAndInteractAndVerify">Tests.04 locateAndInteractAndVerify</stat>
</suite>
</statistics>
<errors>
</errors>
</robot>
