<?xml version="1.0" encoding="UTF-8"?>
<robot generator="Robot 5.0.1 (Python 3.10.7 on win32)" generated="20221013 11:57:03.258" rpa="false" schemaversion="3">
<suite id="s1" name="Tests" source="C:\Users\liesb\Testing\robot_tests-solutions_ex4_signin\robot_tests-solutions_ex4_signin\Opdracht3Selenium\tests">
<suite id="s1-s1" name="Selenium" source="C:\Users\liesb\Testing\robot_tests-solutions_ex4_signin\robot_tests-solutions_ex4_signin\Opdracht3Selenium\tests\Selenium.robot">
<kw name="Open My Website" library="basePage" type="SETUP">
<kw name="Open Browser" library="SeleniumLibrary">
<arg>${url}</arg>
<arg>${browser}</arg>
<doc>Opens a new browser instance to the optional ``url``.</doc>
<msg timestamp="20221013 11:57:03.427" level="INFO">Opening browser 'Google Chrome' to base url 'https://brightshopapp.herokuapp.com/#/'.</msg>
<status status="PASS" starttime="20221013 11:57:03.427" endtime="20221013 11:57:06.595"/>
</kw>
<status status="PASS" starttime="20221013 11:57:03.427" endtime="20221013 11:57:06.595"/>
</kw>
<test id="s1-s1-t1" name="Na het huren van een film, dalen de credits met de juiste waarde" line="15">
<kw name="Maximize Browser Window" library="SeleniumLibrary" type="SETUP">
<doc>Maximizes current browser window.</doc>
<status status="PASS" starttime="20221013 11:57:06.595" endtime="20221013 11:57:06.732"/>
</kw>
<kw name="Sleep" library="BuiltIn">
<arg>5s</arg>
<doc>Pauses the test executed for the given time.</doc>
<msg timestamp="20221013 11:57:11.740" level="INFO">Slept 5 seconds</msg>
<status status="PASS" starttime="20221013 11:57:06.732" endtime="20221013 11:57:11.741"/>
</kw>
<kw name="Click Element" library="SeleniumLibrary">
<arg>css:#SignInButton</arg>
<doc>Click the element identified by ``locator``.</doc>
<msg timestamp="20221013 11:57:11.741" level="INFO">Clicking element 'css:#SignInButton'.</msg>
<status status="PASS" starttime="20221013 11:57:11.741" endtime="20221013 11:57:13.142"/>
</kw>
<kw name="Input Text" library="SeleniumLibrary">
<arg>css:#SignInEmail</arg>
<arg>liesbeth_duerinck@hotmail.com</arg>
<doc>Types the given ``text`` into the text field identified by ``locator``.</doc>
<msg timestamp="20221013 11:57:13.144" level="INFO">Typing text 'liesbeth_duerinck@hotmail.com' into text field 'css:#SignInEmail'.</msg>
<status status="PASS" starttime="20221013 11:57:13.142" endtime="20221013 11:57:13.288"/>
</kw>
<kw name="Input Text" library="SeleniumLibrary">
<arg>css:#SignInPassword</arg>
<arg>Sterk123</arg>
<doc>Types the given ``text`` into the text field identified by ``locator``.</doc>
<msg timestamp="20221013 11:57:13.288" level="INFO">Typing text 'Sterk123' into text field 'css:#SignInPassword'.</msg>
<status status="PASS" starttime="20221013 11:57:13.288" endtime="20221013 11:57:13.386"/>
</kw>
<kw name="Click Element" library="SeleniumLibrary">
<arg>css:#SignInButtonComplete</arg>
<doc>Click the element identified by ``locator``.</doc>
<msg timestamp="20221013 11:57:13.386" level="INFO">Clicking element 'css:#SignInButtonComplete'.</msg>
<status status="PASS" starttime="20221013 11:57:13.386" endtime="20221013 11:57:13.443"/>
</kw>
<kw name="Sleep" library="BuiltIn">
<arg>2s</arg>
<doc>Pauses the test executed for the given time.</doc>
<msg timestamp="20221013 11:57:15.454" level="INFO">Slept 2 seconds</msg>
<status status="PASS" starttime="20221013 11:57:13.443" endtime="20221013 11:57:15.454"/>
</kw>
<kw name="Click Image" library="SeleniumLibrary">
<arg>xpath://*[@id="734280"]</arg>
<doc>Clicks an image identified by ``locator``.</doc>
<msg timestamp="20221013 11:57:15.454" level="INFO">Clicking image 'xpath://*[@id="734280"]'.</msg>
<status status="PASS" starttime="20221013 11:57:15.454" endtime="20221013 11:57:15.566"/>
</kw>
<kw name="Sleep" library="BuiltIn">
<arg>2s</arg>
<doc>Pauses the test executed for the given time.</doc>
<msg timestamp="20221013 11:57:17.575" level="INFO">Slept 2 seconds</msg>
<status status="PASS" starttime="20221013 11:57:15.566" endtime="20221013 11:57:17.575"/>
</kw>
<kw name="Click Element" library="SeleniumLibrary">
<arg>css:#RentMovieButton</arg>
<doc>Click the element identified by ``locator``.</doc>
<msg timestamp="20221013 11:57:17.577" level="INFO">Clicking element 'css:#RentMovieButton'.</msg>
<status status="PASS" starttime="20221013 11:57:17.577" endtime="20221013 11:57:17.641"/>
</kw>
<kw name="Sleep" library="BuiltIn">
<arg>10s</arg>
<doc>Pauses the test executed for the given time.</doc>
<msg timestamp="20221013 11:57:27.653" level="INFO">Slept 10 seconds</msg>
<status status="PASS" starttime="20221013 11:57:17.641" endtime="20221013 11:57:27.653"/>
</kw>
<kw name="Go To" library="SeleniumLibrary">
<arg>https://brightshopapp.herokuapp.com/#/profile</arg>
<doc>Navigates the current browser window to the provided ``url``.</doc>
<msg timestamp="20221013 11:57:27.653" level="INFO">Opening url 'https://brightshopapp.herokuapp.com/#/profile'</msg>
<status status="PASS" starttime="20221013 11:57:27.653" endtime="20221013 11:57:27.688"/>
</kw>
<kw name="Sleep" library="BuiltIn">
<arg>2s</arg>
<doc>Pauses the test executed for the given time.</doc>
<msg timestamp="20221013 11:57:29.697" level="INFO">Slept 2 seconds</msg>
<status status="PASS" starttime="20221013 11:57:27.688" endtime="20221013 11:57:29.697"/>
</kw>
<kw name="Element Should Contain" library="SeleniumLibrary">
<arg>xpath://*[@id="SignIn"]/div[3]/p[6]</arg>
<arg>82</arg>
<doc>Verifies that element ``locator`` contains text ``expected``.</doc>
<msg timestamp="20221013 11:57:29.721" level="INFO">Element 'xpath://*[@id="SignIn"]/div[3]/p[6]' contains text '82'.</msg>
<status status="PASS" starttime="20221013 11:57:29.697" endtime="20221013 11:57:29.721"/>
</kw>
<status status="PASS" starttime="20221013 11:57:06.595" endtime="20221013 11:57:29.721"/>
</test>
<kw name="Close Browser" library="SeleniumLibrary" type="TEARDOWN">
<doc>Closes the current browser.</doc>
<status status="PASS" starttime="20221013 11:57:29.721" endtime="20221013 11:57:32.554"/>
</kw>
<status status="PASS" starttime="20221013 11:57:03.274" endtime="20221013 11:57:32.554"/>
</suite>
<status status="PASS" starttime="20221013 11:57:03.258" endtime="20221013 11:57:32.554"/>
</suite>
<statistics>
<total>
<stat pass="1" fail="0" skip="0">All Tests</stat>
</total>
<tag>
</tag>
<suite>
<stat pass="1" fail="0" skip="0" id="s1" name="Tests">Tests</stat>
<stat pass="1" fail="0" skip="0" id="s1-s1" name="Selenium">Tests.Selenium</stat>
</suite>
</statistics>
<errors>
</errors>
</robot>
