<?xml version="1.0" encoding="UTF-8"?>
<robot generator="Robot 5.0.1 (Python 3.10.8 on win32)" generated="20221026 22:28:04.062" rpa="false" schemaversion="3">
<suite id="s1" name="Zoekbalk" source="C:\Users\liesb\Testing\robot_tests-solutions_ex4_signin\robot_tests-solutions_ex4_signin\Opdracht3Selenium\tests\zoekbalk.robot">
<kw name="Open My Website" library="basePage" type="SETUP">
<kw name="Open Browser" library="SeleniumLibrary">
<arg>${url}</arg>
<arg>${browser}</arg>
<doc>Opens a new browser instance to the optional ``url``.</doc>
<msg timestamp="20221026 22:28:04.232" level="INFO">Opening browser 'Google Chrome' to base url 'https://brightshopapp.herokuapp.com/#/'.</msg>
<status status="PASS" starttime="20221026 22:28:04.232" endtime="20221026 22:28:06.062"/>
</kw>
<status status="PASS" starttime="20221026 22:28:04.231" endtime="20221026 22:28:06.063"/>
</kw>
<test id="s1-t1" name="De zoekbalk vult resultaten aan" line="24">
<kw name="Maximize Browser Window" library="SeleniumLibrary" type="SETUP">
<doc>Maximizes current browser window.</doc>
<status status="PASS" starttime="20221026 22:28:06.064" endtime="20221026 22:28:06.178"/>
</kw>
<kw name="Sleep" library="BuiltIn">
<arg>7s</arg>
<doc>Pauses the test executed for the given time.</doc>
<msg timestamp="20221026 22:28:13.193" level="INFO">Slept 7 seconds</msg>
<status status="PASS" starttime="20221026 22:28:06.178" endtime="20221026 22:28:13.193"/>
</kw>
<kw name="Click Element" library="SeleniumLibrary">
<arg>${zoekbalk}</arg>
<doc>Click the element identified by ``locator``.</doc>
<msg timestamp="20221026 22:28:13.194" level="INFO">Clicking element 'xpath:/html/body/div/div/div[2]/header/div[2]/div/div/div/div'.</msg>
<status status="PASS" starttime="20221026 22:28:13.193" endtime="20221026 22:28:13.258"/>
</kw>
<kw name="Sleep" library="BuiltIn">
<arg>2s</arg>
<doc>Pauses the test executed for the given time.</doc>
<msg timestamp="20221026 22:28:15.272" level="INFO">Slept 2 seconds</msg>
<status status="PASS" starttime="20221026 22:28:13.258" endtime="20221026 22:28:15.272"/>
</kw>
<kw name="Input Text" library="SeleniumLibrary">
<arg>${inputSearchBar}</arg>
<arg>${firstChar}</arg>
<doc>Types the given ``text`` into the text field identified by ``locator``.</doc>
<msg timestamp="20221026 22:28:15.274" level="INFO">Typing text 'Clo' into text field 'xpath:/html/body/div/div/div[2]/header/div[2]/div/div/div/div/input'.</msg>
<status status="PASS" starttime="20221026 22:28:15.273" endtime="20221026 22:28:15.353"/>
</kw>
<kw name="Sleep" library="BuiltIn">
<arg>2s</arg>
<doc>Pauses the test executed for the given time.</doc>
<msg timestamp="20221026 22:28:17.356" level="INFO">Slept 2 seconds</msg>
<status status="PASS" starttime="20221026 22:28:15.354" endtime="20221026 22:28:17.356"/>
</kw>
<kw name="Element Should Contain" library="SeleniumLibrary">
<arg>${firstOption}</arg>
<arg>${fullTitle}</arg>
<doc>Verifies that element ``locator`` contains text ``expected``.</doc>
<msg timestamp="20221026 22:28:17.396" level="INFO">Element 'xpath:/html[1]/body[1]/div[2]/div[1]/ul[1]/li[1]' contains text 'Clouds'.</msg>
<status status="PASS" starttime="20221026 22:28:17.357" endtime="20221026 22:28:17.396"/>
</kw>
<status status="PASS" starttime="20221026 22:28:06.063" endtime="20221026 22:28:17.397"/>
</test>
<test id="s1-t2" name="De zoekbalk helpt om een film op te zoeken" line="34">
<kw name="Maximize Browser Window" library="SeleniumLibrary" type="SETUP">
<doc>Maximizes current browser window.</doc>
<status status="PASS" starttime="20221026 22:28:17.400" endtime="20221026 22:28:17.406"/>
</kw>
<kw name="Sleep" library="BuiltIn">
<arg>7s</arg>
<doc>Pauses the test executed for the given time.</doc>
<msg timestamp="20221026 22:28:24.419" level="INFO">Slept 7 seconds</msg>
<status status="PASS" starttime="20221026 22:28:17.406" endtime="20221026 22:28:24.419"/>
</kw>
<kw name="Click Element" library="SeleniumLibrary">
<arg>${zoekbalk}</arg>
<doc>Click the element identified by ``locator``.</doc>
<msg timestamp="20221026 22:28:24.420" level="INFO">Clicking element 'xpath:/html/body/div/div/div[2]/header/div[2]/div/div/div/div'.</msg>
<status status="PASS" starttime="20221026 22:28:24.419" endtime="20221026 22:28:24.439"/>
</kw>
<kw name="Sleep" library="BuiltIn">
<arg>2s</arg>
<doc>Pauses the test executed for the given time.</doc>
<msg timestamp="20221026 22:28:26.449" level="INFO">Slept 2 seconds</msg>
<status status="PASS" starttime="20221026 22:28:24.439" endtime="20221026 22:28:26.449"/>
</kw>
<kw name="Input Text" library="SeleniumLibrary">
<arg>${inputSearchBar}</arg>
<arg>Sput</arg>
<doc>Types the given ``text`` into the text field identified by ``locator``.</doc>
<msg timestamp="20221026 22:28:26.450" level="INFO">Typing text 'Sput' into text field 'xpath:/html/body/div/div/div[2]/header/div[2]/div/div/div/div/input'.</msg>
<status status="PASS" starttime="20221026 22:28:26.450" endtime="20221026 22:28:26.543"/>
</kw>
<kw name="Sleep" library="BuiltIn">
<arg>2s</arg>
<doc>Pauses the test executed for the given time.</doc>
<msg timestamp="20221026 22:28:28.544" level="INFO">Slept 2 seconds</msg>
<status status="PASS" starttime="20221026 22:28:26.544" endtime="20221026 22:28:28.544"/>
</kw>
<kw name="Click Element" library="SeleniumLibrary">
<arg>${firstOption}</arg>
<doc>Click the element identified by ``locator``.</doc>
<msg timestamp="20221026 22:28:28.546" level="INFO">Clicking element 'xpath:/html[1]/body[1]/div[2]/div[1]/ul[1]/li[1]'.</msg>
<status status="PASS" starttime="20221026 22:28:28.545" endtime="20221026 22:28:28.619"/>
</kw>
<kw name="Element Should Be Visible" library="SeleniumLibrary">
<arg>xpath:/html/body/div/div/div[2]/div[1]/div[2]/div/div[2]/button</arg>
<doc>Verifies that the element identified by ``locator`` is visible.</doc>
<msg timestamp="20221026 22:28:28.646" level="INFO">Element 'xpath:/html/body/div/div/div[2]/div[1]/div[2]/div/div[2]/button' is displayed.</msg>
<status status="PASS" starttime="20221026 22:28:28.620" endtime="20221026 22:28:28.646"/>
</kw>
<status status="PASS" starttime="20221026 22:28:17.399" endtime="20221026 22:28:28.647"/>
</test>
<kw name="Close Browser" library="SeleniumLibrary" type="TEARDOWN">
<doc>Closes the current browser.</doc>
<status status="PASS" starttime="20221026 22:28:28.648" endtime="20221026 22:28:31.007"/>
</kw>
<status status="PASS" starttime="20221026 22:28:04.064" endtime="20221026 22:28:31.007"/>
</suite>
<statistics>
<total>
<stat pass="2" fail="0" skip="0">All Tests</stat>
</total>
<tag>
</tag>
<suite>
<stat pass="2" fail="0" skip="0" id="s1" name="Zoekbalk">Zoekbalk</stat>
</suite>
</statistics>
<errors>
<msg timestamp="20221026 22:28:04.227" level="ERROR">Error in file 'C:\Users\liesb\Testing\robot_tests-solutions_ex4_signin\robot_tests-solutions_ex4_signin\Opdracht3Selenium\pageObjects\SignIn.robot' on line 4: Resource file 'homePage.robot' does not exist.</msg>
</errors>
</robot>
